<?xml version="1.0" encoding="UTF-8"?>
<testng-results skipped="0" failed="0" ignored="0" total="1" passed="1">
  <reporter-output>
  </reporter-output>
  <suite name="Surefire suite" duration-ms="56" started-at="2020-04-19T12:37:32 IST" finished-at="2020-04-19T12:37:32 IST">
    <groups>
    </groups>
    <test name="Surefire test" duration-ms="56" started-at="2020-04-19T12:37:32 IST" finished-at="2020-04-19T12:37:32 IST">
      <class name="com.rahulshettyacademy.AppTest">
        <test-method status="PASS" signature="testApp()[pri:0, instance:testApp(com.rahulshettyacademy.AppTest)]" name="testApp" duration-ms="2" started-at="2020-04-19T12:37:32 IST" finished-at="2020-04-19T12:37:32 IST">
          <reporter-output>
          </reporter-output>
        </test-method> <!-- testApp -->
      </class> <!-- com.rahulshettyacademy.AppTest -->
    </test> <!-- Surefire test -->
  </suite> <!-- Surefire suite -->
</testng-results>
