<?xml version="1.0" encoding="UTF-8"?>
<!-- Generated by org.testng.reporters.JUnitXMLReporter -->
<testsuite hostname="user-PC" ignored="0" name="Surefire test" tests="6" failures="0" timestamp="2020-04-19T12:37:31 IST" time="0.797" errors="0">
  <testcase name="iosApps" time="0.064" classname="com.rahulshettyacademy.AppiumTest"/>
  <testcase name="nativeAppAndroid" time="0.023" classname="com.rahulshettyacademy.AppiumTest"/>
  <testcase name="deleteTwitter" time="0.0" classname="com.rahulshettyacademy.RESTAPITest"/>
  <testcase name="postJira" time="0.001" classname="com.rahulshettyacademy.RESTAPITest"/>
  <testcase name="BrowserAutomation" time="0.0" classname="com.rahulshettyacademy.SeleniumTest"/>
  <testcase name="elementsUI" time="0.001" classname="com.rahulshettyacademy.SeleniumTest"/>
</testsuite> <!-- Surefire test -->
