<?xml version="1.0" encoding="UTF-8"?>
<!-- Generated by org.testng.reporters.JUnitXMLReporter -->
<testsuite hostname="user-PC" ignored="0" name="Test" tests="4" failures="0" timestamp="2020-04-19T13:17:55 IST" time="0.094" errors="0">
  <testcase name="BrowserAutomation" time="0.0" classname="com.rahulshettyacademy.SeleniumTest"/>
  <testcase name="elementsUI" time="0.0" classname="com.rahulshettyacademy.SeleniumTest"/>
  <testcase name="deleteTwitter" time="0.0" classname="com.rahulshettyacademy.RESTAPITest"/>
  <testcase name="postJira" time="0.016" classname="com.rahulshettyacademy.RESTAPITest"/>
</testsuite> <!-- Test -->
